0 info it worked if it ends with ok
1 verbose cli [ '/usr/local/Cellar/node/4.1.1/bin/node',
1 verbose cli   '/usr/local/bin/npm',
1 verbose cli   'install',
1 verbose cli   'tween-lite',
1 verbose cli   '--save' ]
2 info using npm@2.14.4
3 info using node@v4.1.1
4 verbose install initial load of /Users/Brian/workspace/project3/SocialWorld/package.json
5 verbose installManyTop reading scoped package data from /Users/Brian/workspace/project3/SocialWorld/node_modules/angular/package.json
6 verbose installManyTop reading scoped package data from /Users/Brian/workspace/project3/SocialWorld/node_modules/bcrypt/package.json
7 verbose installManyTop reading scoped package data from /Users/Brian/workspace/project3/SocialWorld/node_modules/bcrypt-nodejs/package.json
8 verbose installManyTop reading scoped package data from /Users/Brian/workspace/project3/SocialWorld/node_modules/better-console/package.json
9 verbose installManyTop reading scoped package data from /Users/Brian/workspace/project3/SocialWorld/node_modules/body-parser/package.json
10 verbose installManyTop reading scoped package data from /Users/Brian/workspace/project3/SocialWorld/node_modules/connect-flash/package.json
11 verbose installManyTop reading scoped package data from /Users/Brian/workspace/project3/SocialWorld/node_modules/cookie-parser/package.json
12 verbose installManyTop reading scoped package data from /Users/Brian/workspace/project3/SocialWorld/node_modules/del/package.json
13 verbose installManyTop reading scoped package data from /Users/Brian/workspace/project3/SocialWorld/node_modules/ejs/package.json
14 verbose installManyTop reading scoped package data from /Users/Brian/workspace/project3/SocialWorld/node_modules/express/package.json
15 verbose installManyTop reading scoped package data from /Users/Brian/workspace/project3/SocialWorld/node_modules/express-ejs-layouts/package.json
16 verbose installManyTop reading scoped package data from /Users/Brian/workspace/project3/SocialWorld/node_modules/express-session/package.json
17 verbose installManyTop reading scoped package data from /Users/Brian/workspace/project3/SocialWorld/node_modules/extend/package.json
18 verbose installManyTop reading scoped package data from /Users/Brian/workspace/project3/SocialWorld/node_modules/gulp/package.json
19 verbose installManyTop reading scoped package data from /Users/Brian/workspace/project3/SocialWorld/node_modules/gulp-autoprefixer/package.json
20 verbose installManyTop reading scoped package data from /Users/Brian/workspace/project3/SocialWorld/node_modules/gulp-chmod/package.json
21 verbose installManyTop reading scoped package data from /Users/Brian/workspace/project3/SocialWorld/node_modules/gulp-clone/package.json
22 verbose installManyTop reading scoped package data from /Users/Brian/workspace/project3/SocialWorld/node_modules/gulp-concat/package.json
23 verbose installManyTop reading scoped package data from /Users/Brian/workspace/project3/SocialWorld/node_modules/gulp-concat-css/package.json
24 verbose installManyTop reading scoped package data from /Users/Brian/workspace/project3/SocialWorld/node_modules/gulp-copy/package.json
25 verbose installManyTop reading scoped package data from /Users/Brian/workspace/project3/SocialWorld/node_modules/gulp-dedupe/package.json
26 verbose installManyTop reading scoped package data from /Users/Brian/workspace/project3/SocialWorld/node_modules/gulp-flatten/package.json
27 verbose installManyTop reading scoped package data from /Users/Brian/workspace/project3/SocialWorld/node_modules/gulp-header/package.json
28 verbose installManyTop reading scoped package data from /Users/Brian/workspace/project3/SocialWorld/node_modules/gulp-help/package.json
29 verbose installManyTop reading scoped package data from /Users/Brian/workspace/project3/SocialWorld/node_modules/gulp-if/package.json
30 verbose installManyTop reading scoped package data from /Users/Brian/workspace/project3/SocialWorld/node_modules/gulp-less/package.json
31 verbose installManyTop reading scoped package data from /Users/Brian/workspace/project3/SocialWorld/node_modules/gulp-minify-css/package.json
32 verbose installManyTop reading scoped package data from /Users/Brian/workspace/project3/SocialWorld/node_modules/gulp-notify/package.json
33 verbose installManyTop reading scoped package data from /Users/Brian/workspace/project3/SocialWorld/node_modules/gulp-plumber/package.json
34 verbose installManyTop reading scoped package data from /Users/Brian/workspace/project3/SocialWorld/node_modules/gulp-print/package.json
35 verbose installManyTop reading scoped package data from /Users/Brian/workspace/project3/SocialWorld/node_modules/gulp-rename/package.json
36 verbose installManyTop reading scoped package data from /Users/Brian/workspace/project3/SocialWorld/node_modules/gulp-replace/package.json
37 verbose installManyTop reading scoped package data from /Users/Brian/workspace/project3/SocialWorld/node_modules/gulp-rtlcss/package.json
38 verbose installManyTop reading scoped package data from /Users/Brian/workspace/project3/SocialWorld/node_modules/gulp-uglify/package.json
39 verbose installManyTop reading scoped package data from /Users/Brian/workspace/project3/SocialWorld/node_modules/gulp-util/package.json
40 verbose installManyTop reading scoped package data from /Users/Brian/workspace/project3/SocialWorld/node_modules/gulp-watch/package.json
41 verbose installManyTop reading scoped package data from /Users/Brian/workspace/project3/SocialWorld/node_modules/http/package.json
42 verbose installManyTop reading scoped package data from /Users/Brian/workspace/project3/SocialWorld/node_modules/map-stream/package.json
43 verbose installManyTop reading scoped package data from /Users/Brian/workspace/project3/SocialWorld/node_modules/mongoose/package.json
44 verbose installManyTop reading scoped package data from /Users/Brian/workspace/project3/SocialWorld/node_modules/morgan/package.json
45 verbose installManyTop reading scoped package data from /Users/Brian/workspace/project3/SocialWorld/node_modules/passport/package.json
46 verbose installManyTop reading scoped package data from /Users/Brian/workspace/project3/SocialWorld/node_modules/passport-facebook/package.json
47 verbose installManyTop reading scoped package data from /Users/Brian/workspace/project3/SocialWorld/node_modules/passport-local/package.json
48 verbose installManyTop reading scoped package data from /Users/Brian/workspace/project3/SocialWorld/node_modules/require-dot-file/package.json
49 verbose installManyTop reading scoped package data from /Users/Brian/workspace/project3/SocialWorld/node_modules/run-sequence/package.json
50 verbose installManyTop reading scoped package data from /Users/Brian/workspace/project3/SocialWorld/node_modules/semantic-ui/package.json
51 verbose installManyTop reading scoped package data from /Users/Brian/workspace/project3/SocialWorld/node_modules/sentiment/package.json
52 verbose installManyTop reading scoped package data from /Users/Brian/workspace/project3/SocialWorld/node_modules/socket.io/package.json
53 verbose installManyTop reading scoped package data from /Users/Brian/workspace/project3/SocialWorld/node_modules/twit/package.json
54 verbose installManyTop reading scoped package data from /Users/Brian/workspace/project3/SocialWorld/node_modules/yamljs/package.json
55 info package.json bcrypt-nodejs@0.0.3 No license field.
56 info package.json better-console@0.2.4 license should be a valid SPDX license expression
57 info package.json connect-flash@0.1.1 No license field.
58 info package.json express-ejs-layouts@2.0.0 No license field.
59 info package.json gulp-clone@1.0.0 No license field.
60 info package.json gulp-concat-css@2.2.0 No license field.
61 info package.json gulp-copy@0.0.2 No license field.
62 info package.json gulp-notify@2.2.0 No license field.
63 info package.json gulp-rename@1.2.2 No license field.
64 info package.json http@0.0.0 http is also the name of a node core module.
65 info package.json http@0.0.0 No description
66 info package.json http@0.0.0 No repository field.
67 info package.json passport-facebook@2.0.0 No license field.
68 info package.json passport-local@1.0.0 No license field.
69 info package.json sentiment@1.0.2 No license field.
70 info package.json socket.io@1.3.7 No license field.
71 info package.json twit@2.1.1 No license field.
72 verbose readDependencies loading dependencies from /Users/Brian/workspace/project3/SocialWorld/package.json
73 silly cache add args [ 'tween-lite', null ]
74 verbose cache add spec tween-lite
75 silly cache add parsed spec Result {
75 silly cache add   raw: 'tween-lite',
75 silly cache add   scope: null,
75 silly cache add   name: 'tween-lite',
75 silly cache add   rawSpec: '',
75 silly cache add   spec: '*',
75 silly cache add   type: 'range' }
76 silly addNamed tween-lite@*
77 verbose addNamed "*" is a valid semver range for tween-lite
78 silly addNameRange { name: 'tween-lite', range: '*', hasData: false }
79 silly mapToRegistry name tween-lite
80 silly mapToRegistry using default registry
81 silly mapToRegistry registry https://registry.npmjs.org/
82 silly mapToRegistry uri https://registry.npmjs.org/tween-lite
83 verbose addNameRange registry:https://registry.npmjs.org/tween-lite not in flight; fetching
84 verbose request uri https://registry.npmjs.org/tween-lite
85 verbose request no auth needed
86 info attempt registry request try #1 at 12:29:01 PM
87 verbose request id 86e3e1523a49e1f8
88 http request GET https://registry.npmjs.org/tween-lite
89 http 404 https://registry.npmjs.org/tween-lite
90 verbose headers { 'content-type': 'application/json',
90 verbose headers   'cache-control': 'max-age=0',
90 verbose headers   'content-length': '2',
90 verbose headers   'accept-ranges': 'bytes',
90 verbose headers   date: 'Wed, 25 Nov 2015 20:29:01 GMT',
90 verbose headers   via: '1.1 varnish',
90 verbose headers   age: '0',
90 verbose headers   connection: 'keep-alive',
90 verbose headers   'x-served-by': 'cache-lax1427-LAX',
90 verbose headers   'x-cache': 'MISS',
90 verbose headers   'x-cache-hits': '0',
90 verbose headers   'x-timer': 'S1448483341.465192,VS0,VE80' }
91 silly get cb [ 404,
91 silly get   { 'content-type': 'application/json',
91 silly get     'cache-control': 'max-age=0',
91 silly get     'content-length': '2',
91 silly get     'accept-ranges': 'bytes',
91 silly get     date: 'Wed, 25 Nov 2015 20:29:01 GMT',
91 silly get     via: '1.1 varnish',
91 silly get     age: '0',
91 silly get     connection: 'keep-alive',
91 silly get     'x-served-by': 'cache-lax1427-LAX',
91 silly get     'x-cache': 'MISS',
91 silly get     'x-cache-hits': '0',
91 silly get     'x-timer': 'S1448483341.465192,VS0,VE80' } ]
92 verbose stack Error: Registry returned 404 for GET on https://registry.npmjs.org/tween-lite
92 verbose stack     at makeError (/usr/local/lib/node_modules/npm/node_modules/npm-registry-client/lib/request.js:263:12)
92 verbose stack     at CachingRegistryClient.<anonymous> (/usr/local/lib/node_modules/npm/node_modules/npm-registry-client/lib/request.js:241:14)
92 verbose stack     at Request._callback (/usr/local/lib/node_modules/npm/node_modules/npm-registry-client/lib/request.js:171:14)
92 verbose stack     at Request.self.callback (/usr/local/lib/node_modules/npm/node_modules/request/request.js:198:22)
92 verbose stack     at emitTwo (events.js:87:13)
92 verbose stack     at Request.emit (events.js:172:7)
92 verbose stack     at Request.<anonymous> (/usr/local/lib/node_modules/npm/node_modules/request/request.js:1073:14)
92 verbose stack     at emitOne (events.js:82:20)
92 verbose stack     at Request.emit (events.js:169:7)
92 verbose stack     at IncomingMessage.<anonymous> (/usr/local/lib/node_modules/npm/node_modules/request/request.js:1019:12)
93 verbose statusCode 404
94 verbose pkgid tween-lite
95 verbose cwd /Users/Brian/workspace/project3/SocialWorld
96 error Darwin 15.0.0
97 error argv "/usr/local/Cellar/node/4.1.1/bin/node" "/usr/local/bin/npm" "install" "tween-lite" "--save"
98 error node v4.1.1
99 error npm  v2.14.4
100 error code E404
101 error 404 Registry returned 404 for GET on https://registry.npmjs.org/tween-lite
101 error 404
101 error 404 'tween-lite' is not in the npm registry.
101 error 404 You should bug the author to publish it (or use the name yourself!)
101 error 404 It was specified as a dependency of 'socialworld'
101 error 404
101 error 404 Note that you can also install from a
101 error 404 tarball, folder, http url, or git url.
102 verbose exit [ 1, true ]
